\BOOKMARK [0][]{chapter*.1}{Lista de Figuras}{}% 1
\BOOKMARK [0][]{chapter.1}{Introdu\347\343o}{}% 2
\BOOKMARK [1][]{section.1.1}{Motiva\347\343o}{chapter.1}% 3
\BOOKMARK [1][]{section.1.2}{Objetivo}{chapter.1}% 4
\BOOKMARK [1][]{section.1.3}{Organiza\347\343o do Trabalho}{chapter.1}% 5
\BOOKMARK [0][]{chapter.2}{Pesquisa}{}% 6
\BOOKMARK [1][]{section.2.1}{Processo de Pesquisa}{chapter.2}% 7
\BOOKMARK [0][]{chapter.3}{Fundamenta\347\343o Te\363rica}{}% 8
\BOOKMARK [1][]{section.3.1}{Plasma}{chapter.3}% 9
\BOOKMARK [1][]{section.3.2}{LCD - Liquid Crystal Display}{chapter.3}% 10
\BOOKMARK [1][]{section.3.3}{LED - Light Emmiting Diode}{chapter.3}% 11
\BOOKMARK [0][]{chapter.4}{Telas OLED Flex\355veis}{}% 12
\BOOKMARK [1][]{section.4.1}{Origem}{chapter.4}% 13
\BOOKMARK [1][]{section.4.2}{Vantagens}{chapter.4}% 14
\BOOKMARK [1][]{section.4.3}{Composi\347\343o e Fabrica\347\343o}{chapter.4}% 15
\BOOKMARK [2][]{subsection.4.3.1}{Substrato \(Substrate\)}{section.4.3}% 16
\BOOKMARK [2][]{subsection.4.3.2}{An\363dio \(Anode\)}{section.4.3}% 17
\BOOKMARK [2][]{subsection.4.3.3}{Camadas Org\342nicas \(Organic layers\)}{section.4.3}% 18
\BOOKMARK [2][]{subsection.4.3.4}{Cat\363dio \(Cathode\)}{section.4.3}% 19
\BOOKMARK [1][]{section.4.4}{Funcionamento}{chapter.4}% 20
\BOOKMARK [1][]{section.4.5}{Tipos de telas OLED}{chapter.4}% 21
\BOOKMARK [1][]{section.4.6}{Samsung Galaxy Round e LG G Flex}{chapter.4}% 22
\BOOKMARK [1][]{section.4.7}{Investimento em telas Flex\355veis}{chapter.4}% 23
\BOOKMARK [1][]{section.4.8}{O futuro das telas OLED flex\355veis}{chapter.4}% 24
\BOOKMARK [0][]{chapter.5}{Conclus\365es}{}% 25
\BOOKMARK [0][]{appendix*.15}{Refer\352ncias Bibliogr\341ficas}{}% 26
