This is pdfTeX, Version 3.1415926-2.5-1.40.14 (TeX Live 2013) (format=pdflatex 2013.5.30)  28 JUN 2014 20:22
entering extended mode
 restricted \write18 enabled.
 %&-line parsing enabled.
**monografia
(./monografia.tex
LaTeX2e <2011/06/27>
Babel <3.9f> and hyphenation patterns for 78 languages loaded.
(/usr/local/texlive/2013/texmf-dist/tex/latex/base/book.cls
Document Class: book 2007/10/19 v1.4h Standard LaTeX document class
(/usr/local/texlive/2013/texmf-dist/tex/latex/base/bk11.clo
File: bk11.clo 2007/10/19 v1.4h Standard LaTeX file (size option)
)
\c@part=\count79
\c@chapter=\count80
\c@section=\count81
\c@subsection=\count82
\c@subsubsection=\count83
\c@paragraph=\count84
\c@subparagraph=\count85
\c@figure=\count86
\c@table=\count87
\abovecaptionskip=\skip41
\belowcaptionskip=\skip42
\bibindent=\dimen102
)
(/usr/local/texlive/2013/texmf-dist/tex/latex/base/fontenc.sty
Package: fontenc 2005/09/27 v1.99g Standard LaTeX package

(/usr/local/texlive/2013/texmf-dist/tex/latex/base/t1enc.def
File: t1enc.def 2005/09/27 v1.99g Standard LaTeX file
LaTeX Font Info:    Redeclaring font encoding T1 on input line 43.
))
(/usr/local/texlive/2013/texmf-dist/tex/generic/babel/babel.sty
Package: babel 2013/05/16 v3.9f The Babel package

(/usr/local/texlive/2013/texmf-dist/tex/generic/babel-portuges/portuges.ldf
Language: portuges 2008/03/18 v1.2q Portuguese support from the babel system

(/usr/local/texlive/2013/texmf-dist/tex/generic/babel/babel.def
File: babel.def 2013/05/16 v3.9f Babel common definitions
\babel@savecnt=\count88
\U@D=\dimen103
)
\l@brazil = a dialect from \language\l@portuges 
Package babel Info: Making " an active character on input line 145.
))
(/usr/local/texlive/2013/texmf-dist/tex/latex/base/inputenc.sty
Package: inputenc 2008/03/30 v1.1d Input encoding file
\inpenc@prehook=\toks14
\inpenc@posthook=\toks15

(/usr/local/texlive/2013/texmf-dist/tex/latex/base/latin1.def
File: latin1.def 2008/03/30 v1.1d Input encoding file
))
(/usr/local/texlive/2013/texmf-dist/tex/latex/graphics/graphicx.sty
Package: graphicx 1999/02/16 v1.0f Enhanced LaTeX Graphics (DPC,SPQR)

(/usr/local/texlive/2013/texmf-dist/tex/latex/graphics/keyval.sty
Package: keyval 1999/03/16 v1.13 key=value parser (DPC)
\KV@toks@=\toks16
)
(/usr/local/texlive/2013/texmf-dist/tex/latex/graphics/graphics.sty
Package: graphics 2009/02/05 v1.0o Standard LaTeX Graphics (DPC,SPQR)

(/usr/local/texlive/2013/texmf-dist/tex/latex/graphics/trig.sty
Package: trig 1999/03/16 v1.09 sin cos tan (DPC)
)
(/usr/local/texlive/2013/texmf-dist/tex/latex/latexconfig/graphics.cfg
File: graphics.cfg 2010/04/23 v1.9 graphics configuration of TeX Live
)
Package graphics Info: Driver file: pdftex.def on input line 91.

(/usr/local/texlive/2013/texmf-dist/tex/latex/pdftex-def/pdftex.def
File: pdftex.def 2011/05/27 v0.06d Graphics/color for pdfTeX

(/usr/local/texlive/2013/texmf-dist/tex/generic/oberdiek/infwarerr.sty
Package: infwarerr 2010/04/08 v1.3 Providing info/warning/error messages (HO)
)
(/usr/local/texlive/2013/texmf-dist/tex/generic/oberdiek/ltxcmds.sty
Package: ltxcmds 2011/11/09 v1.22 LaTeX kernel commands for general use (HO)
)
\Gread@gobject=\count89
))
\Gin@req@height=\dimen104
\Gin@req@width=\dimen105
)
(/usr/local/texlive/2013/texmf-dist/tex/latex/setspace/setspace.sty
Package: setspace 2011/12/19 v6.7a set line spacing
)
(/usr/local/texlive/2013/texmf-dist/tex/latex/tools/indentfirst.sty
Package: indentfirst 1995/11/23 v1.03 Indent first paragraph (DPC)
)
(/usr/local/texlive/2013/texmf-dist/tex/latex/base/makeidx.sty
Package: makeidx 2000/03/29 v1.0m Standard LaTeX package
)
(/usr/local/texlive/2013/texmf-dist/tex/latex/tocbibind/tocbibind.sty
Package: tocbibind 2010/10/13 v1.5k extra ToC listings
Package tocbibind Info: The document has chapter divisions on input line 50.


Package tocbibind Note: Using chapter style headings, unless overridden.

) (/usr/local/texlive/2013/texmf-dist/tex/latex/psnfss/courier.sty
Package: courier 2005/04/12 PSNFSS-v9.2a (WaS) 
)
(/usr/local/texlive/2013/texmf-dist/tex/latex/type1cm/type1cm.sty
Package: type1cm 2002/09/05 v0.04 BlueSky/Y&Y Type1 CM font definitions (DPC, p
atched RF)
)
(/usr/local/texlive/2013/texmf-dist/tex/latex/listings/listings.sty
\lst@mode=\count90
\lst@gtempboxa=\box26
\lst@token=\toks17
\lst@length=\count91
\lst@currlwidth=\dimen106
\lst@column=\count92
\lst@pos=\count93
\lst@lostspace=\dimen107
\lst@width=\dimen108
\lst@newlines=\count94
\lst@lineno=\count95
\lst@maxwidth=\dimen109

(/usr/local/texlive/2013/texmf-dist/tex/latex/listings/lstmisc.sty
File: lstmisc.sty 2007/02/22 1.4 (Carsten Heinz)
\c@lstnumber=\count96
\lst@skipnumbers=\count97
\lst@framebox=\box27
)
(/usr/local/texlive/2013/texmf-dist/tex/latex/listings/listings.cfg
File: listings.cfg 2007/02/22 1.4 listings configuration
))
Package: listings 2007/02/22 1.4 (Carsten Heinz)

(/usr/local/texlive/2013/texmf-dist/tex/latex/titlesec/titletoc.sty
Package: titletoc 2011/12/15 v1.6 TOC entries
\ttl@leftsep=\dimen110
)
(/usr/local/texlive/2013/texmf-dist/tex/latex/babelbib/babelbib.sty
Package: babelbib 2012/01/03 v1.31 babelbib: multilingual bibliographies (HH)
\c@btxromaniannumeral=\count98
)
(/usr/local/texlive/2013/texmf-dist/tex/latex/caption/caption.sty
Package: caption 2013/05/02 v3.3-89 Customizing captions (AR)

(/usr/local/texlive/2013/texmf-dist/tex/latex/caption/caption3.sty
Package: caption3 2013/05/02 v1.6-88 caption3 kernel (AR)
Package caption3 Info: TeX engine: e-TeX on input line 57.
\captionmargin=\dimen111
\captionmargin@=\dimen112
\captionwidth=\dimen113
\caption@tempdima=\dimen114
\caption@indent=\dimen115
\caption@parindent=\dimen116
\caption@hangindent=\dimen117
)
\c@ContinuedFloat=\count99
Package caption Info: listings package is loaded.
)
(/usr/local/texlive/2013/texmf-dist/tex/latex/xcolor/xcolor.sty
Package: xcolor 2007/01/21 v2.11 LaTeX color extensions (UK)

(/usr/local/texlive/2013/texmf-dist/tex/latex/latexconfig/color.cfg
File: color.cfg 2007/01/18 v1.5 color configuration of teTeX/TeXLive
)
Package xcolor Info: Package option `usenames' ignored on input line 216.
Package xcolor Info: Driver file: pdftex.def on input line 225.
Package xcolor Info: Model `cmy' substituted by `cmy0' on input line 1337.
Package xcolor Info: Model `hsb' substituted by `rgb' on input line 1341.
Package xcolor Info: Model `RGB' extended on input line 1353.
Package xcolor Info: Model `HTML' substituted by `rgb' on input line 1355.
Package xcolor Info: Model `Hsb' substituted by `hsb' on input line 1356.
Package xcolor Info: Model `tHsb' substituted by `hsb' on input line 1357.
Package xcolor Info: Model `HSB' substituted by `hsb' on input line 1358.
Package xcolor Info: Model `Gray' substituted by `gray' on input line 1359.
Package xcolor Info: Model `wave' substituted by `hsb' on input line 1360.

(/usr/local/texlive/2013/texmf-dist/tex/latex/graphics/dvipsnam.def
File: dvipsnam.def 1999/02/16 v3.0i Driver-dependant file (DPC,SPQR)
)
(/usr/local/texlive/2013/texmf-dist/tex/latex/xcolor/svgnam.def
File: svgnam.def 2007/01/21 v2.11 Predefined colors according to SVG 1.1 (UK)
))
(/usr/local/texlive/2013/texmf-dist/tex/latex/geometry/geometry.sty
Package: geometry 2010/09/12 v5.6 Page Geometry

(/usr/local/texlive/2013/texmf-dist/tex/generic/oberdiek/ifpdf.sty
Package: ifpdf 2011/01/30 v2.3 Provides the ifpdf switch (HO)
Package ifpdf Info: pdfTeX in PDF mode is detected.
)
(/usr/local/texlive/2013/texmf-dist/tex/generic/oberdiek/ifvtex.sty
Package: ifvtex 2010/03/01 v1.5 Detect VTeX and its facilities (HO)
Package ifvtex Info: VTeX not detected.
)
(/usr/local/texlive/2013/texmf-dist/tex/generic/ifxetex/ifxetex.sty
Package: ifxetex 2010/09/12 v0.6 Provides ifxetex conditional
)
\Gm@cnth=\count100
\Gm@cntv=\count101
\c@Gm@tempcnt=\count102
\Gm@bindingoffset=\dimen118
\Gm@wd@mp=\dimen119
\Gm@odd@mp=\dimen120
\Gm@even@mp=\dimen121
\Gm@layoutwidth=\dimen122
\Gm@layoutheight=\dimen123
\Gm@layouthoffset=\dimen124
\Gm@layoutvoffset=\dimen125
\Gm@dimlist=\toks18
)
(/usr/local/texlive/2013/texmf-dist/tex/latex/hyperref/hyperref.sty
Package: hyperref 2012/11/06 v6.83m Hypertext links for LaTeX

(/usr/local/texlive/2013/texmf-dist/tex/generic/oberdiek/hobsub-hyperref.sty
Package: hobsub-hyperref 2012/05/28 v1.13 Bundle oberdiek, subset hyperref (HO)


(/usr/local/texlive/2013/texmf-dist/tex/generic/oberdiek/hobsub-generic.sty
Package: hobsub-generic 2012/05/28 v1.13 Bundle oberdiek, subset generic (HO)
Package: hobsub 2012/05/28 v1.13 Construct package bundles (HO)
Package hobsub Info: Skipping package `infwarerr' (already loaded).
Package hobsub Info: Skipping package `ltxcmds' (already loaded).
Package: ifluatex 2010/03/01 v1.3 Provides the ifluatex switch (HO)
Package ifluatex Info: LuaTeX not detected.
Package hobsub Info: Skipping package `ifvtex' (already loaded).
Package: intcalc 2007/09/27 v1.1 Expandable calculations with integers (HO)
Package hobsub Info: Skipping package `ifpdf' (already loaded).
Package: etexcmds 2011/02/16 v1.5 Avoid name clashes with e-TeX commands (HO)
Package etexcmds Info: Could not find \expanded.
(etexcmds)             That can mean that you are not using pdfTeX 1.50 or
(etexcmds)             that some package has redefined \expanded.
(etexcmds)             In the latter case, load this package earlier.
Package: kvsetkeys 2012/04/25 v1.16 Key value parser (HO)
Package: kvdefinekeys 2011/04/07 v1.3 Define keys (HO)
Package: pdftexcmds 2011/11/29 v0.20 Utility functions of pdfTeX for LuaTeX (HO
)
Package pdftexcmds Info: LuaTeX not detected.
Package pdftexcmds Info: \pdf@primitive is available.
Package pdftexcmds Info: \pdf@ifprimitive is available.
Package pdftexcmds Info: \pdfdraftmode found.
Package: pdfescape 2011/11/25 v1.13 Implements pdfTeX's escape features (HO)
Package: bigintcalc 2012/04/08 v1.3 Expandable calculations on big integers (HO
)
Package: bitset 2011/01/30 v1.1 Handle bit-vector datatype (HO)
Package: uniquecounter 2011/01/30 v1.2 Provide unlimited unique counter (HO)
)
Package hobsub Info: Skipping package `hobsub' (already loaded).
Package: letltxmacro 2010/09/02 v1.4 Let assignment for LaTeX macros (HO)
Package: hopatch 2012/05/28 v1.2 Wrapper for package hooks (HO)
Package: xcolor-patch 2011/01/30 xcolor patch
Package: atveryend 2011/06/30 v1.8 Hooks at the very end of document (HO)
Package atveryend Info: \enddocument detected (standard20110627).
Package: atbegshi 2011/10/05 v1.16 At begin shipout hook (HO)
Package: refcount 2011/10/16 v3.4 Data extraction from label references (HO)
Package: hycolor 2011/01/30 v1.7 Color options for hyperref/bookmark (HO)
)
(/usr/local/texlive/2013/texmf-dist/tex/latex/oberdiek/auxhook.sty
Package: auxhook 2011/03/04 v1.3 Hooks for auxiliary files (HO)
)
(/usr/local/texlive/2013/texmf-dist/tex/latex/oberdiek/kvoptions.sty
Package: kvoptions 2011/06/30 v3.11 Key value format for package options (HO)
)
\@linkdim=\dimen126
\Hy@linkcounter=\count103
\Hy@pagecounter=\count104

(/usr/local/texlive/2013/texmf-dist/tex/latex/hyperref/pd1enc.def
File: pd1enc.def 2012/11/06 v6.83m Hyperref: PDFDocEncoding definition (HO)
)
\Hy@SavedSpaceFactor=\count105

(/usr/local/texlive/2013/texmf-dist/tex/latex/latexconfig/hyperref.cfg
File: hyperref.cfg 2002/06/06 v1.2 hyperref configuration of TeXLive
)
Package hyperref Info: Option `plainpages' set `false' on input line 4319.
Package hyperref Info: Option `pdfpagelabels' set `true' on input line 4319.
Package hyperref Info: Option `colorlinks' set `true' on input line 4319.
Package hyperref Info: Option `bookmarksopen' set `true' on input line 4319.
Package hyperref Info: Hyper figures OFF on input line 4443.
Package hyperref Info: Link nesting OFF on input line 4448.
Package hyperref Info: Hyper index ON on input line 4451.
Package hyperref Info: Plain pages OFF on input line 4458.
Package hyperref Info: Backreferencing ON on input line 4461.
Package hyperref Info: Implicit mode ON; LaTeX internals redefined.
Package hyperref Info: Bookmarks ON on input line 4688.

(/usr/local/texlive/2013/texmf-dist/tex/latex/hyperref/backref.sty
Package: backref 2012/07/25 v1.38 Bibliographical back referencing

(/usr/local/texlive/2013/texmf-dist/tex/latex/oberdiek/rerunfilecheck.sty
Package: rerunfilecheck 2011/04/15 v1.7 Rerun checks for auxiliary files (HO)
Package uniquecounter Info: New unique counter `rerunfilecheck' on input line 2
82.
))
\c@Hy@tempcnt=\count106

(/usr/local/texlive/2013/texmf-dist/tex/latex/url/url.sty
\Urlmuskip=\muskip10
Package: url 2006/04/12  ver 3.3  Verb mode for urls, etc.
)
LaTeX Info: Redefining \url on input line 5041.
\XeTeXLinkMargin=\dimen127
\Fld@menulength=\count107
\Field@Width=\dimen128
\Fld@charsize=\dimen129
Package hyperref Info: Hyper figures OFF on input line 6295.
Package hyperref Info: Link nesting OFF on input line 6300.
Package hyperref Info: Hyper index ON on input line 6303.
Package hyperref Info: backreferencing ON on input line 6308.
Package hyperref Info: Link coloring ON on input line 6313.
Package hyperref Info: Link coloring with OCG OFF on input line 6320.
Package hyperref Info: PDF/A mode OFF on input line 6325.
LaTeX Info: Redefining \ref on input line 6365.
LaTeX Info: Redefining \pageref on input line 6369.
\Hy@abspage=\count108
\c@Item=\count109
\c@Hfootnote=\count110
)

Package hyperref Message: Driver: hpdftex.

(/usr/local/texlive/2013/texmf-dist/tex/latex/hyperref/hpdftex.def
File: hpdftex.def 2012/11/06 v6.83m Hyperref driver for pdfTeX
\Fld@listcount=\count111
\c@bookmark@seq@number=\count112
\Hy@SectionHShift=\skip43
)
(/usr/local/texlive/2013/texmf-dist/tex/latex/oberdiek/hypcap.sty
Package: hypcap 2011/02/16 v1.11 Adjusting the anchors of captions (HO)
)
(./natbib.sty
Package: natbib 2007/02/05 8.0 (PWD)
\bibhang=\skip44
\bibsep=\skip45
LaTeX Info: Redefining \cite on input line 602.
\c@NAT@ctr=\count113
)
(/usr/local/texlive/2013/texmf-dist/tex/latex/fancyhdr/fancyhdr.sty
\fancy@headwidth=\skip46
\f@ncyO@elh=\skip47
\f@ncyO@erh=\skip48
\f@ncyO@olh=\skip49
\f@ncyO@orh=\skip50
\f@ncyO@elf=\skip51
\f@ncyO@erf=\skip52
\f@ncyO@olf=\skip53
\f@ncyO@orf=\skip54
)
\@indexfile=\write3
\openout3 = `monografia.idx'.


Writing index file monografia.idx
(/usr/local/texlive/2013/texmf-dist/tex/latex/listings/lstlang1.sty
File: lstlang1.sty 2004/09/05 1.3 listings language file
)
(./monografia.aux)
\openout1 = `monografia.aux'.

LaTeX Font Info:    Checking defaults for OML/cmm/m/it on input line 78.
LaTeX Font Info:    ... okay on input line 78.
LaTeX Font Info:    Checking defaults for T1/cmr/m/n on input line 78.
LaTeX Font Info:    ... okay on input line 78.
LaTeX Font Info:    Checking defaults for OT1/cmr/m/n on input line 78.
LaTeX Font Info:    ... okay on input line 78.
LaTeX Font Info:    Checking defaults for OMS/cmsy/m/n on input line 78.
LaTeX Font Info:    ... okay on input line 78.
LaTeX Font Info:    Checking defaults for OMX/cmex/m/n on input line 78.
LaTeX Font Info:    ... okay on input line 78.
LaTeX Font Info:    Checking defaults for U/cmr/m/n on input line 78.
LaTeX Font Info:    ... okay on input line 78.
LaTeX Font Info:    Checking defaults for PD1/pdf/m/n on input line 78.
LaTeX Font Info:    ... okay on input line 78.

(/usr/local/texlive/2013/texmf-dist/tex/context/base/supp-pdf.mkii
[Loading MPS to PDF converter (version 2006.09.02).]
\scratchcounter=\count114
\scratchdimen=\dimen130
\scratchbox=\box28
\nofMPsegments=\count115
\nofMParguments=\count116
\everyMPshowfont=\toks19
\MPscratchCnt=\count117
\MPscratchDim=\dimen131
\MPnumerator=\count118
\makeMPintoPDFobject=\count119
\everyMPtoPDFconversion=\toks20
) (/usr/local/texlive/2013/texmf-dist/tex/latex/oberdiek/epstopdf-base.sty
Package: epstopdf-base 2010/02/09 v2.5 Base part for package epstopdf

(/usr/local/texlive/2013/texmf-dist/tex/latex/oberdiek/grfext.sty
Package: grfext 2010/08/19 v1.1 Manage graphics extensions (HO)
)
Package grfext Info: Graphics extension search list:
(grfext)             [.png,.pdf,.jpg,.mps,.jpeg,.jbig2,.jb2,.PNG,.PDF,.JPG,.JPE
G,.JBIG2,.JB2,.eps]
(grfext)             \AppendGraphicsExtensions on input line 452.

(/usr/local/texlive/2013/texmf-dist/tex/latex/latexconfig/epstopdf-sys.cfg
File: epstopdf-sys.cfg 2010/07/13 v1.3 Configuration of (r)epstopdf for TeX Liv
e
))
\c@lstlisting=\count120

babelbib: Set bibliography fall-back language to brazil
(/usr/local/texlive/2013/texmf-dist/tex/latex/babelbib/portuguese.bdf
File: portuguese.bdf 2012/01/03 v1.31 babelbib: multilingual bibliographies (HH
)

babelbib extension \btxifchangecaseoff added to \extrasbrazil
)
babelbib: Load BibTeX extensions \bibsbrazil for brazil
babelbib: Set language for keywords in the bibliography fixed to brazil
Package caption Info: Begin \AtBeginDocument code.
Package caption Info: hyperref package is loaded.
Package caption Info: hypcap package is loaded.
Package caption Info: End \AtBeginDocument code.
*geometry* driver: auto-detecting
*geometry* detected driver: pdftex
*geometry* verbose mode - [ preamble ] result:
* driver: pdftex
* paper: a4paper
* layout: <same size as paper>
* layoutoffset:(h,v)=(0.0pt,0.0pt)
* modes: twoside 
* h-part:(L,W,R)=(56.9055pt, 468.33257pt, 72.2698pt)
* v-part:(T,H,B)=(72.2698pt, 715.87154pt, 56.9055pt)
* \paperwidth=597.50787pt
* \paperheight=845.04684pt
* \textwidth=468.33257pt
* \textheight=715.87154pt
* \oddsidemargin=-15.36449pt
* \evensidemargin=-0.00018pt
* \topmargin=-31.87398pt
* \headheight=12.0pt
* \headsep=19.8738pt
* \topskip=11.0pt
* \footskip=27.46295pt
* \marginparwidth=106.0pt
* \marginparsep=7.0pt
* \columnsep=10.0pt
* \skip\footins=10.0pt plus 4.0pt minus 2.0pt
* \hoffset=0.0pt
* \voffset=0.0pt
* \mag=1000
* \@twocolumnfalse
* \@twosidetrue
* \@mparswitchtrue
* \@reversemarginfalse
* (1in=72.27pt=25.4mm, 1cm=28.453pt)

\AtBeginShipoutBox=\box29
Package backref Info: ** backref set up for natbib ** on input line 78.
Package hyperref Info: Link coloring ON on input line 78.
(/usr/local/texlive/2013/texmf-dist/tex/latex/hyperref/nameref.sty
Package: nameref 2012/10/27 v2.43 Cross-referencing by name of section

(/usr/local/texlive/2013/texmf-dist/tex/generic/oberdiek/gettitlestring.sty
Package: gettitlestring 2010/12/03 v1.4 Cleanup title references (HO)
)
\c@section@level=\count121
)
LaTeX Info: Redefining \ref on input line 78.
LaTeX Info: Redefining \pageref on input line 78.
LaTeX Info: Redefining \nameref on input line 78.

(./monografia.out) (./monografia.out)
\@outlinefile=\write4
\openout4 = `monografia.out'.

Package babel Info: Redefining portuges shorthand "|
(babel)             in language  on input line 167.
Package babel Info: Redefining portuges shorthand "|
(babel)             in language  on input line 167.
 [1



{/usr/local/texlive/2013/texmf-var/fonts/map/pdftex/updmap/pdftex.map}]
Package babel Info: Redefining portuges shorthand "|
(babel)             in language  on input line 167.
Package babel Info: Redefining portuges shorthand "|
(babel)             in language  on input line 167.
 [2

]
Package babel Info: Redefining portuges shorthand "|
(babel)             in language  on input line 167.
 (./monografia.lof)
\tf@lof=\write5
\openout5 = `monografia.lof'.

Package babel Info: Redefining portuges shorthand "|
(babel)             in language  on input line 172.
Package babel Info: Redefining portuges shorthand "|
(babel)             in language  on input line 172.
 [3]
Package babel Info: Redefining portuges shorthand "|
(babel)             in language  on input line 172.
Package babel Info: Redefining portuges shorthand "|
(babel)             in language  on input line 172.
 [4

]
(./cap-introduction.tex
Cap\'{\i }tulo 1.
Package babel Info: Redefining portuges shorthand "|
(babel)             in language  on input line 2.
Package babel Info: Redefining portuges shorthand "|
(babel)             in language  on input line 12.
Package babel Info: Redefining portuges shorthand "|
(babel)             in language  on input line 21.
Package babel Info: Redefining portuges shorthand "|
(babel)             in language  on input line 27.
Package babel Info: Redefining portuges shorthand "|
(babel)             in language  on input line 27.
[1

]
Package babel Info: Redefining portuges shorthand "|
(babel)             in language  on input line 29.
) (./cap-research.tex

Package Fancyhdr Warning: \headheight is too small (12.0pt): 
 Make it at least 13.59999pt.
 We now make it that large for the rest of the document.
 This may cause the page layout to be inconsistent, however.

Package babel Info: Redefining portuges shorthand "|
(babel)             in language  on input line 2.
Package babel Info: Redefining portuges shorthand "|
(babel)             in language  on input line 2.
[2]
Cap\'{\i }tulo 2.
Package babel Info: Redefining portuges shorthand "|
(babel)             in language  on input line 2.
LaTeX Font Info:    Font shape `OMS/cmr/m/n' in size <10.95> not available
(Font)              Font shape `OMS/cmsy/m/n' tried instead on input line 5.
Package babel Info: Redefining portuges shorthand "|
(babel)             in language  on input line 9.
! Missing $ inserted.
<inserted text> 
                $
l.12 ...esta pesquida foram utilizados informa√ß√µ
                                                  es de diversos sites de te...

? 

LaTeX Warning: Command \~ invalid in math mode on input line 12.


LaTeX Warning: Command \textordfeminine invalid in math mode on input line 12.


LaTeX Warning: Command \~ invalid in math mode on input line 12.


LaTeX Warning: Command \textordfeminine invalid in math mode on input line 12.


LaTeX Warning: Command \~ invalid in math mode on input line 12.


LaTeX Warning: Command \~ invalid in math mode on input line 12.


LaTeX Warning: Command \~ invalid in math mode on input line 12.

! Missing $ inserted.
<inserted text> 
                $
l.13 
     
? 
Missing character: There is no √ in font cmr10!
Missing character: There is no √ in font cmr10!
Missing character: There is no √ in font cmr10!
Missing character: There is no √ in font cmr10!
Missing character: There is no √ in font cmr10!

Overfull \hbox (68.13448pt too wide) in paragraph at lines 12--13
[]\T1/cmr/m/n/10.95 Para esta pes-quida fo-ram uti-li-za-dos informa√ü√$\OML/cm
m/m/it/10.95 ^^Vesdediversossitesdetecnologiacom[]nfaseemtr[]s; s\OT1/cmr/m/it/
10.95 $\OML/cmm/m/it/10.95 oestes \OT1/cmr/m/n/10.95 :
 []


Overfull \hbox (284.04655pt too wide) in paragraph at lines 12--13
\OML/cmm/m/it/10.95 http \OT1/cmr/m/n/10.95 : \OML/cmm/m/it/10.95 ==news:oled \
OMS/cmsy/m/n/10.95 ^^@ \OML/cmm/m/it/10.95 display:net; http \OT1/cmr/m/n/10.95
 : \OML/cmm/m/it/10.95 ==www:display \OMS/cmsy/m/n/10.95 ^^@ \OML/cmm/m/it/10.9
5 central:comehttp \OT1/cmr/m/n/10.95 : \OML/cmm/m/it/10.95 ==www:oled \OMS/cms
y/m/n/10.95 ^^@ \OML/cmm/m/it/10.95 info:comqueteemoobjetivodecentralizarinform
a\OMS/cmsy/m/n/10.95 x\OML/cmm/m/it/10.95 ^^Vesacercadetelas:$ 
 []

! Missing $ inserted.
<inserted text> 
                $
l.14 ...uras recentes de forma a obter informa√ß√µ
                                                  es mais asserivas sobre o ...

? 

LaTeX Warning: Command \~ invalid in math mode on input line 14.

) (./cap-fundamentacao.tex
! Missing $ inserted.
<inserted text> 
                $
l.2 \chapter
            {Fundamenta√ß√£o Te√≥rica}
? 
Missing character: There is no √ in font cmr10!
Package babel Info: Redefining portuges shorthand "|
(babel)             in language  on input line 2.
Package babel Info: Redefining portuges shorthand "|
(babel)             in language  on input line 2.
[3

]
Package babel Info: Redefining portuges shorthand "|
(babel)             in language  on input line 2.
Package babel Info: Redefining portuges shorthand "|
(babel)             in language  on input line 2.
 [4

]
Cap\'{\i }tulo 3.
Package babel Info: Redefining portuges shorthand "|
(babel)             in language  on input line 2.

Package hyperref Warning: Token not allowed in a PDF string (PDFDocEncoding):
(hyperref)                removing `superscript' on input line 2.

! Missing $ inserted.
<inserted text> 
                $
l.2 \chapter{Fundamenta√ß√£o Te√≥rica}
                                      
? 
! Extra }, or forgotten $.
\maththreesuperior ->{^3}
                         
l.2 \chapter{Fundamenta√ß√£o Te√≥rica}
                                      
? 
! Missing $ inserted.
<inserted text> 
                $
l.2 \chapter{Fundamenta√ß√£o Te√≥rica}
                                      
? 
! Missing $ inserted.
<inserted text> 
                $
l.5 As primeiras televis√µ
                          es surgiram na dec√°da de XX do s√©culo passado \c...

? 

LaTeX Warning: Command \~ invalid in math mode on input line 5.


LaTeX Warning: Command \textexclamdown invalid in math mode on input line 5.


LaTeX Warning: Command \~ invalid in math mode on input line 5.

LaTeX Font Info:    Font shape `OMS/cmr/bx/n' in size <24.88> not available
(Font)              Font shape `OMS/cmsy/b/n' tried instead on input line 5.

! LaTeX Error: Command \bfseries invalid in math mode.

See the LaTeX manual or LaTeX Companion for explanation.
Type  H <return>  for immediate help.
 ...                                              
                                                  
l.5 ...o s√©culo passado \cite{WikipediaTelevisao}
                                                  . Apartir desta descoberta...

? 

Package natbib Warning: Citation `WikipediaTelevisao' on page 5 undefined on in
put line 5.


LaTeX Warning: Command \~ invalid in math mode on input line 5.


LaTeX Warning: Command \~ invalid in math mode on input line 5.


LaTeX Warning: Command \~ invalid in math mode on input line 5.


LaTeX Warning: Command \~ invalid in math mode on input line 5.


LaTeX Warning: Command \~ invalid in math mode on input line 5.

! Missing $ inserted.
<inserted text> 
                $
l.6 
    
? 
Missing character: There is no √ in font cmr17!
Missing character: There is no Ω in font cmr17!
Missing character: There is no √ in font cmr17!
Missing character: There is no √ in font cmr17!
Missing character: There is no √ in font cmr17!
Missing character: There is no √ in font cmr17!
Missing character: There is no √ in font cmr17!
Missing character: There is no √ in font cmr17!

Overfull \hbox (1785.76505pt too wide) in paragraph at lines 5--6
\T1/cmr/bx/n/24.88 televis√$\OML/cmm/m/it/24.88 ^^VessurgiramnadecdadeXXdos[]cu
lopassado\OT1/cmr/m/n/24.88 [[]]\OML/cmm/m/it/24.88 :Apartirdestadescoberta; mu
itoseevoluiucomrela\OMS/cmsy/m/n/24.88 x\OT1/cmr/m/it/24.88 $\OML/cmm/m/it/24.8
8 oastelaspossibilitandoaoconsumirdorfinalmaisqualidadecomtelasmaisfinas; image
nscadavezmaisn\T1/cmr/bx/n/24.88 - 
 []


Overfull \hbox (520.15932pt too wide) in paragraph at lines 5--6
\OML/cmm/m/it/24.88 tidasebrilhosas; al[]mdeoutrosatributosques\OT1/cmr/m/it/24
.88 $\OML/cmm/m/it/24.88 oconsideradosparaagragarqualidadeemtelas:$  
 []

! Missing $ inserted.
<inserted text> 
                $
l.7 ...veremos neste cap√≠tulo algumas informa√ß√µ
                                                  es das principais e √∫ltim...

? 

LaTeX Warning: Command \~ invalid in math mode on input line 7.


LaTeX Warning: Command \textordmasculine invalid in math mode on input line 7.

! Missing $ inserted.
<inserted text> 
                $
l.8 
    
? 
Missing character: There is no √ in font cmr17!

Overfull \hbox (64.56418pt too wide) in paragraph at lines 7--8
\T1/cmr/bx/n/24.88 informa√ü√$\OML/cmm/m/it/24.88 ^^Vesdasprincipaise[]ltimasut
ilizadas:$  
 []

Package babel Info: Redefining portuges shorthand "|
(babel)             in language  on input line 10.
! Missing $ inserted.
<inserted text> 
                $
l.13 ...em min√∫sculas c√©lulas revestidas por f√≥
                                                  sforo.
? 
! Extra }, or forgotten $.
\maththreesuperior ->{^3}
                         
l.13 ...em min√∫sculas c√©lulas revestidas por f√≥
                                                  sforo.
? 
! Missing $ inserted.
<inserted text> 
                $
l.14 
     
? 
Package babel Info: Redefining portuges shorthand "|
(babel)             in language  on input line 15.
Package babel Info: Redefining portuges shorthand "|
(babel)             in language  on input line 15.
[5]
! Missing $ inserted.
<inserted text> 
                $
l.15 ...amanhos at√© 150 polegadas, com resolu√ß√µ
                                                  es at√© 2000 pixels. Apres...

? 

LaTeX Warning: Command \~ invalid in math mode on input line 15.


LaTeX Warning: Command \~ invalid in math mode on input line 15.


LaTeX Warning: Command \~ invalid in math mode on input line 15.


LaTeX Warning: Command \~ invalid in math mode on input line 15.


LaTeX Warning: Command \~ invalid in math mode on input line 15.


LaTeX Warning: Command \~ invalid in math mode on input line 15.


LaTeX Warning: Command \~ invalid in math mode on input line 15.


LaTeX Warning: Command \~ invalid in math mode on input line 15.


LaTeX Warning: Command \~ invalid in math mode on input line 15.


LaTeX Warning: Command \~ invalid in math mode on input line 15.


LaTeX Warning: Command \~ invalid in math mode on input line 15.


LaTeX Warning: Command \~ invalid in math mode on input line 15.


LaTeX Warning: Command \~ invalid in math mode on input line 15.


LaTeX Warning: Command \textexclamdown invalid in math mode on input line 15.


! LaTeX Error: Command \bfseries invalid in math mode.

See the LaTeX manual or LaTeX Companion for explanation.
Type  H <return>  for immediate help.
 ...                                              
                                                  
l.15 ...ela equivalente \cite{WikipediaTelaPlasma}
                                                  .
? 

Package natbib Warning: Citation `WikipediaTelaPlasma' on page 6 undefined on i
nput line 15.

! Missing $ inserted.
<inserted text> 
                $
l.16 
     
? 
Missing character: There is no √ in font cmr17!
Missing character: There is no √ in font cmr17!
Missing character: There is no √ in font cmr17!
Missing character: There is no √ in font cmr17!
Missing character: There is no √ in font cmr17!
Missing character: There is no √ in font cmr17!
Missing character: There is no √ in font cmr17!
Missing character: There is no √ in font cmr17!
Missing character: There is no √ in font cmr17!
Missing character: There is no √ in font cmr17!
Missing character: There is no √ in font cmr17!
Missing character: There is no √ in font cmr17!
Missing character: There is no √ in font cmr17!
Missing character: There is no Ω in font cmr17!

Overfull \hbox (2112.77824pt too wide) in paragraph at lines 15--16
\T1/cmr/bx/n/24.88 resolu√ü√$\OML/cmm/m/it/24.88 ^^Vesat[]\OT1/cmr/m/n/24.88 20
00\OML/cmm/m/it/24.88 pixels:Apresentamexcepcionalreprodu\OMS/cmsy/m/n/24.88 x\
OT1/cmr/m/it/24.88 $\OML/cmm/m/it/24.88 odecoreses\OT1/cmr/m/it/24.88 $\OML/cmm
/m/it/24.88 ofabricadosnapropor\OMS/cmsy/m/n/24.88 x\OT1/cmr/m/it/24.88 $\OML/c
mm/m/it/24.88 o[]:S\OT1/cmr/m/it/24.88 $\OML/cmm/m/it/24.88 opain[]isfinos; dev
olumebastantereduzidoemcompara\OMS/cmsy/m/n/24.88 x\OT1/cmr/m/it/24.88 $\OML/cm
m/m/it/24.88 oaosmonitoresdetuboeretroproje\OMS/cmsy/m/n/24.88 x\OT1/cmr/m/it/2
4.88 $\OML/cmm/m/it/24.88 ocomreadetelaequivalente\OT1/cmr/m/n/24.88 [[]]\OML/c
mm/m/it/24.88 :$  
 []

<./figuras/plasma_display.jpg, id=107, 1606.0pt x 1204.5pt>
File: ./figuras/plasma_display.jpg Graphic file (type jpg)

<use ./figuras/plasma_display.jpg>
Package pdftex.def Info: ./figuras/plasma_display.jpg used on input line 19.
(pdftex.def)             Requested size: 187.33015pt x 140.49034pt.


LaTeX Warning: `!h' float specifier changed to `!ht'.


Package natbib Warning: Citation `WikipediaTelaPlasma' on page 6 undefined on i
nput line 24.

! Missing $ inserted.
<inserted text> 
                $
l.26 E
      m 1997, a Fujitsu introduziu o primeiro televisor de plasma 42 polegad...

? 
! Extra }, or forgotten $.
<to be read again> ...rotect \pounds  }O TE\~A{^3}
                                                  RICA
l.26 E
      m 1997, a Fujitsu introduziu o primeiro televisor de plasma 42 polegad...

? 
! Extra }, or forgotten $.
\MakeUppercase  ... {\uppercase {#1}}\reserved@a }
                                                  
l.26 E
      m 1997, a Fujitsu introduziu o primeiro televisor de plasma 42 polegad...

? 
! Missing $ inserted.
<inserted text> 
                $
l.26 E
      m 1997, a Fujitsu introduziu o primeiro televisor de plasma 42 polegad...

? 
! Missing } inserted.
<inserted text> 
                }
l.26 E
      m 1997, a Fujitsu introduziu o primeiro televisor de plasma 42 polegad...

? 
! Missing } inserted.
<inserted text> 
                }
l.26 E
      m 1997, a Fujitsu introduziu o primeiro televisor de plasma 42 polegad...

? 
Package babel Info: Redefining portuges shorthand "|
(babel)             in language  on input line 26.
Package babel Info: Redefining portuges shorthand "|
(babel)             in language  on input line 26.
[6]
Overfull \vbox (176.99419pt too high) has occurred while \output is active []

Package babel Info: Redefining portuges shorthand "|
(babel)             in language  on input line 26.
Package babel Info: Redefining portuges shorthand "|
(babel)             in language  on input line 26.

[7 <./figuras/plasma_display.jpg>]

Package natbib Warning: Citation `WikipediaTelaPlasma' on page 8 undefined on i
nput line 26.


LaTeX Warning: Reference `fig:camadas_plasma' on page 8 undefined on input line
 28.

<./figuras/camadas_plasma.jpg, id=123, 861.2175pt x 714.67pt>
File: ./figuras/camadas_plasma.jpg Graphic file (type jpg)

<use ./figuras/camadas_plasma.jpg>
Package pdftex.def Info: ./figuras/camadas_plasma.jpg used on input line 32.
(pdftex.def)             Requested size: 187.33015pt x 155.45036pt.

! Missing $ inserted.
<inserted text> 
                $
l.37 ...a tecnologia vi√°vel para dispositivos m√≥
                                                  veis pela sua tecnologia n...

? 
! Extra }, or forgotten $.
\maththreesuperior ->{^3}
                         
l.37 ...a tecnologia vi√°vel para dispositivos m√≥
                                                  veis pela sua tecnologia n...

? 

LaTeX Warning: Command \~ invalid in math mode on input line 37.


LaTeX Warning: Command \~ invalid in math mode on input line 37.


LaTeX Warning: Command \~ invalid in math mode on input line 37.


LaTeX Warning: Command \textexclamdown invalid in math mode on input line 37.

! Missing $ inserted.
<inserted text> 
                $
l.38 
     
? 
Missing character: There is no √ in font cmr17!
Missing character: There is no √ in font cmr17!
Missing character: There is no √ in font cmr17!
Missing character: There is no Ω in font cmr17!

Overfull \hbox (13.8575pt too wide) in paragraph at lines 37--38
\T1/cmr/bx/n/24.88 m√$[]\OML/cmm/m/it/24.88 veispelasuatecnologian\OT1/cmr/m/it
/24.88 $\OML/cmm/m/it/24.88 osert\OT1/cmr/m/it/24.88 $\OML/cmm/m/it/24.88 oport
til:$  
 []

Package babel Info: Redefining portuges shorthand "|
(babel)             in language  on input line 41.

! LaTeX Error: Command \textcent unavailable in encoding T1.

See the LaTeX manual or LaTeX Companion for explanation.
Type  H <return>  for immediate help.
 ...                                              
                                                  
l.44 ... comprimido dentro de celas entre duas l√¢
                                                  minas transparentes polari...

? 

! LaTeX Error: Command \textcent unavailable in encoding T1.

See the LaTeX manual or LaTeX Companion for explanation.
Type  H <return>  for immediate help.
 ...                                              
                                                  
l.44 ...doras. Os eixos polarizadores das duas l√¢
                                                  minas est√£o alinhados per...

? 
! Missing $ inserted.
<inserted text> 
                $
l.46 E
      ntre as suas principais caracter√≠sticas est√° a sua leveza, sua porta...

? 
! Extra }, or forgotten $.
<to be read again> ...rotect \pounds  }O TE\~A{^3}
                                                  RICA
l.46 E
      ntre as suas principais caracter√≠sticas est√° a sua leveza, sua porta...

? 
! Extra }, or forgotten $.
\MakeUppercase  ... {\uppercase {#1}}\reserved@a }
                                                  
l.46 E
      ntre as suas principais caracter√≠sticas est√° a sua leveza, sua porta...

? 
! Missing $ inserted.
<inserted text> 
                $
l.46 E
      ntre as suas principais caracter√≠sticas est√° a sua leveza, sua porta...

? 
! Missing } inserted.
<inserted text> 
                }
l.46 E
      ntre as suas principais caracter√≠sticas est√° a sua leveza, sua porta...

? 
! Missing } inserted.
<inserted text> 
                }
l.46 E
      ntre as suas principais caracter√≠sticas est√° a sua leveza, sua porta...

? 
Package babel Info: Redefining portuges shorthand "|
(babel)             in language  on input line 46.
Package babel Info: Redefining portuges shorthand "|
(babel)             in language  on input line 46.
[8 <./figuras/camadas_plasma.jpg>]
! Missing $ inserted.
<inserted text> 
                $
l.46 ...ito maiores do que os tubos de raios cat√≥
                                                  dicos (CRT). Seu baixo con...

? 
! Extra }, or forgotten $.
\maththreesuperior ->{^3}
                         
l.46 ...ito maiores do que os tubos de raios cat√≥
                                                  dicos (CRT). Seu baixo con...

? 

LaTeX Warning: Command \~ invalid in math mode on input line 46.


LaTeX Warning: Command \~ invalid in math mode on input line 46.


LaTeX Warning: Command \textexclamdown invalid in math mode on input line 46.


LaTeX Warning: Command \~ invalid in math mode on input line 46.


LaTeX Warning: Command \' invalid in math mode on input line 46.

! Please use \mathaccent for accents in math mode.
\add@accent ...@spacefactor \spacefactor }\accent 
                                                  #1 #2\egroup \spacefactor ...
l.46 ...ort√°teis, alimentados por bateria eletr√¥
                                                  nica. √â um dispositivo el...

? 
! Missing { inserted.
<to be read again> 
                   \egroup 
l.46 ...ort√°teis, alimentados por bateria eletr√¥
                                                  nica. √â um dispositivo el...

? 
! You can't use `\spacefactor' in math mode.
\add@accent ...}\accent #1 #2\egroup \spacefactor 
                                                  \accent@spacefactor 
l.46 ...ort√°teis, alimentados por bateria eletr√¥
                                                  nica. √â um dispositivo el...

? 

LaTeX Warning: Command \~ invalid in math mode on input line 46.


! Package inputenc Error: Keyboard character used is undefined
(inputenc)                in inputencoding `latin1'.

See the inputenc package documentation for explanation.
Type  H <return>  for immediate help.
 ...                                              
                                                  
l.46 ...s, alimentados por bateria eletr√¥nica. √â
                                                   um dispositivo eletr√¥nic...

? 

LaTeX Warning: Command \~ invalid in math mode on input line 46.


LaTeX Warning: Command \' invalid in math mode on input line 46.

! Please use \mathaccent for accents in math mode.
\add@accent ...@spacefactor \spacefactor }\accent 
                                                  #1 #2\egroup \spacefactor ...
l.46 ...ria eletr√¥nica. √â um dispositivo eletr√¥
                                                  nico-√≥ptico modulado, com...

? 
! Missing { inserted.
<to be read again> 
                   \egroup 
l.46 ...ria eletr√¥nica. √â um dispositivo eletr√¥
                                                  nico-√≥ptico modulado, com...

? 
! You can't use `\spacefactor' in math mode.
\add@accent ...}\accent #1 #2\egroup \spacefactor 
                                                  \accent@spacefactor 
l.46 ...ria eletr√¥nica. √â um dispositivo eletr√¥
                                                  nico-√≥ptico modulado, com...

? 

LaTeX Warning: Command \~ invalid in math mode on input line 46.


LaTeX Warning: Command \~ invalid in math mode on input line 46.


LaTeX Warning: Command \textordmasculine invalid in math mode on input line 46.



LaTeX Warning: Command \~ invalid in math mode on input line 46.


! LaTeX Error: Command \bfseries invalid in math mode.

See the LaTeX manual or LaTeX Companion for explanation.
Type  H <return>  for immediate help.
 ...                                              
                                                  
l.46 ...ores ou preto e branco \cite{WikipediaLCD}
                                                  .
? 

Package natbib Warning: Citation `WikipediaLCD' on page 9 undefined on input li
ne 46.

! Missing $ inserted.
<inserted text> 
                $
l.47 
     
? 
! Missing } inserted.
<inserted text> 
                }
l.47 
     
? 
! Missing } inserted.
<inserted text> 
                }
l.47 
     
? 
Missing character: There is no √ in font cmr17!
Missing character: There is no √ in font cmr17!
Missing character: There is no Ω in font cmr17!
Missing character: There is no √ in font cmr17!
Missing character: There is no Ë in font cmex10!
Missing character: There is no √ in font cmr17!
Missing character: There is no √ in font cmr17!
Missing character: There is no Ë in font cmex10!
Missing character: There is no √ in font cmr17!
Missing character: There is no √ in font cmr17!
Missing character: There is no √ in font cmr17!

Overfull \hbox (3199.89919pt too wide) in paragraph at lines 46--47
\T1/cmr/bx/n/24.88 cat√$[]\OML/cmm/m/it/24.88 dicos\OT1/cmr/m/n/24.88 (\OML/cmm
/m/it/24.88 CRT\OT1/cmr/m/n/24.88 )\OML/cmm/m/it/24.88 :Seubaixoconsumodeenergi
ael[]tricalhepermiteserutilizadoemequipamentosportteis; alimentadosporbateriael
etr[]$  
 []

! Missing $ inserted.
<inserted text> 
                $
l.48 ... monitor muito leve e fino, sem partes m√≥
                                                  veis \cite{WikipediaLCD}.
? 
! Extra }, or forgotten $.
\maththreesuperior ->{^3}
                         
l.48 ... monitor muito leve e fino, sem partes m√≥
                                                  veis \cite{WikipediaLCD}.
? 

! LaTeX Error: Command \bfseries invalid in math mode.

See the LaTeX manual or LaTeX Companion for explanation.
Type  H <return>  for immediate help.
 ...                                              
                                                  
l.48 ...no, sem partes m√≥veis \cite{WikipediaLCD}
                                                  .
? 

Package natbib Warning: Citation `WikipediaLCD' on page 9 undefined on input li
ne 48.

! Missing $ inserted.
<inserted text> 
                $
l.49 
     
? 
Package babel Info: Redefining portuges shorthand "|
(babel)             in language  on input line 50.
Package babel Info: Redefining portuges shorthand "|
(babel)             in language  on input line 50.
[9]
! Missing $ inserted.
<inserted text> 
                $
l.50 ...ue come√ßaram no Gameboy (Nintendo), rel√≥
                                                  gios digitais, calculadora...

? 
! Extra }, or forgotten $.
\maththreesuperior ->{^3}
                         
l.50 ...ue come√ßaram no Gameboy (Nintendo), rel√≥
                                                  gios digitais, calculadora...

? 

LaTeX Warning: Command \~ invalid in math mode on input line 50.


LaTeX Warning: Command \textexclamdown invalid in math mode on input line 50.


LaTeX Warning: Command \~ invalid in math mode on input line 50.


LaTeX Warning: Command \textcent invalid in math mode on input line 50.


! LaTeX Error: Command \textcent unavailable in encoding T1.

See the LaTeX manual or LaTeX Companion for explanation.
Type  H <return>  for immediate help.
 ...                                              
                                                  
l.50 ...lculadoras, mp4, mp3, DVDs port√°teis, c√¢
                                                  meras digitais e celulares...

? 

! LaTeX Error: Command \bfseries invalid in math mode.

See the LaTeX manual or LaTeX Companion for explanation.
Type  H <return>  for immediate help.
 ...                                              
                                                  
l.50 ...s digitais e celulares \cite{WikipediaLCD}
                                                  .
? 

Package natbib Warning: Citation `WikipediaLCD' on page 10 undefined on input l
ine 50.

! Missing $ inserted.
<inserted text> 
                $
l.51 
     
? 
Missing character: There is no √ in font cmr17!
Missing character: There is no Ω in font cmr17!
Missing character: There is no √ in font cmr17!

Overfull \hbox (457.84999pt too wide) in paragraph at lines 50--51
\T1/cmr/bx/n/24.88 rel√$[]\OML/cmm/m/it/24.88 giosdigitais; calculadoras; mp\OT
1/cmr/m/n/24.88 4\OML/cmm/m/it/24.88 ; mp\OT1/cmr/m/n/24.88 3\OML/cmm/m/it/24.8
8 ; DVDsportteis; cmerasdigitaisecelulares\OT1/cmr/m/n/24.88 [[]]\OML/cmm/m/it/
24.88 :$  
 []


Package natbib Warning: Citation `WikipediaLCD' on page 10 undefined on input l
ine 52.


LaTeX Warning: Reference `fig:camadas_lcd' on page 10 undefined on input line 5
4.

<./figuras/camadas_lcd.jpg, id=135, 843.15pt x 788.9475pt>
File: ./figuras/camadas_lcd.jpg Graphic file (type jpg)

<use ./figuras/camadas_lcd.jpg>
Package pdftex.def Info: ./figuras/camadas_lcd.jpg used on input line 58.
(pdftex.def)             Requested size: 187.33015pt x 175.27843pt.

! Missing $ inserted.
<inserted text> 
                $
l.61 \end{figure}
                 
? 
! Extra }, or forgotten $.
<to be read again> ...rotect \pounds  }O TE\~A{^3}
                                                  RICA
l.61 \end{figure}
                 
? 
! Extra }, or forgotten $.
\MakeUppercase  ... {\uppercase {#1}}\reserved@a }
                                                  
l.61 \end{figure}
                 
? 
! Missing $ inserted.
<inserted text> 
                $
l.61 \end{figure}
                 
? 
! Missing } inserted.
<inserted text> 
                }
l.61 \end{figure}
                 
? 
! Missing } inserted.
<inserted text> 
                }
l.61 \end{figure}
                 
? 
Package babel Info: Redefining portuges shorthand "|
(babel)             in language  on input line 61.
Package babel Info: Redefining portuges shorthand "|
(babel)             in language  on input line 61.
[10]
Package babel Info: Redefining portuges shorthand "|
(babel)             in language  on input line 65.


! LaTeX Error: Command \textcent unavailable in encoding T1.

See the LaTeX manual or LaTeX Companion for explanation.
Type  H <return>  for immediate help.
 ...                                              
                                                  
l.68 ...ormar energia el√©trica em luz. J√° as l√¢
                                                  mpadas comuns utilizam rad...

? 

! LaTeX Error: Command \textcent unavailable in encoding T1.

See the LaTeX manual or LaTeX Companion for explanation.
Type  H <return>  for immediate help.
 ...                                              
                                                  
l.68 ...om descarga de gases, como no caso das l√¢
                                                  mpadas fluorescentes usada...

? 
Package babel Info: Redefining portuges shorthand "|
(babel)             in language  on input line 70.
Package babel Info: Redefining portuges shorthand "|
(babel)             in language  on input line 70.
[11 <./figuras/camadas_lcd.jpg>]
! Missing $ inserted.
<inserted text> 
                $
l.70 ...isados e divulgados pelo projeto Laborat√≥
                                                  rio de Ilumina√ß√£o da Uni...

? 
! Extra }, or forgotten $.
\maththreesuperior ->{^3}
                         
l.70 ...isados e divulgados pelo projeto Laborat√≥
                                                  rio de Ilumina√ß√£o da Uni...

? 

LaTeX Warning: Command \~ invalid in math mode on input line 70.


LaTeX Warning: Command \~ invalid in math mode on input line 70.


LaTeX Warning: Command \~ invalid in math mode on input line 70.


LaTeX Warning: Command \~ invalid in math mode on input line 70.


LaTeX Warning: Command \~ invalid in math mode on input line 70.


LaTeX Warning: Command \~ invalid in math mode on input line 70.

! Missing $ inserted.
<inserted text> 
                $
l.71 
     
? 
Missing character: There is no √ in font cmr17!
Missing character: There is no √ in font cmr17!
Missing character: There is no √ in font cmr17!
Missing character: There is no √ in font cmr17!
Missing character: There is no √ in font cmr17!
Missing character: There is no √ in font cmr17!

Overfull \hbox (4201.6426pt too wide) in paragraph at lines 70--71
\T1/cmr/bx/n/24.88 Laborat√$[]\OML/cmm/m/it/24.88 riodeIlumina\OMS/cmsy/m/n/24.
88 x\OT1/cmr/m/it/24.88 $\OML/cmm/m/it/24.88 odaUnicamp; oLEDfoidesenvolvidoain
daqueemfaseexperimentalerudimentarnoanode\OT1/cmr/m/n/24.88 1963\OML/cmm/m/it/2
4.88 porNickHolonyac:Seufuncionamentoeraapenaspelaluzvermelhaecombaixaluminosid
ade; atingindoapenas\OT1/cmr/m/n/24.88 1\OML/cmm/m/it/24.88 mcd:Em\OT1/cmr/m/n/
24.88 1960\OML/cmm/m/it/24.88 obteveoLEDamareloeapenasem\OT1/cmr/m/n/24.88 1975
\OML/cmm/m/it/24.88 quesurgiualuzverde:IssorepresentaqueoLEDdehoje[]muitomaisav
an\OMS/cmsy/m/n/24.88 x\OML/cmm/m/it/24.88 ado; masadescobertadeHolonyacfoiopro
cessoinicialparaainven\OMS/cmsy/m/n/24.88 x\OT1/cmr/m/it/24.88 $\OML/cmm/m/it/2
4.88 odatecnologiaLED:$  
 []

! Missing $ inserted.
<inserted text> 
                $
l.74 M
      as foi com o surgimento da tecnologia Luxeon que foi poss√≠vel ter flu...

? 
! Extra }, or forgotten $.
<to be read again> ...rotect \pounds  }O TE\~A{^3}
                                                  RICA
l.74 M
      as foi com o surgimento da tecnologia Luxeon que foi poss√≠vel ter flu...

? 
! Extra }, or forgotten $.
\MakeUppercase  ... {\uppercase {#1}}\reserved@a }
                                                  
l.74 M
      as foi com o surgimento da tecnologia Luxeon que foi poss√≠vel ter flu...

? 
! Missing $ inserted.
<inserted text> 
                $
l.74 M
      as foi com o surgimento da tecnologia Luxeon que foi poss√≠vel ter flu...

? 
! Missing } inserted.
<inserted text> 
                }
l.74 M
      as foi com o surgimento da tecnologia Luxeon que foi poss√≠vel ter flu...

? 
! Missing } inserted.
<inserted text> 
                }
l.74 M
      as foi com o surgimento da tecnologia Luxeon que foi poss√≠vel ter flu...

? 
Package babel Info: Redefining portuges shorthand "|
(babel)             in language  on input line 74.
Package babel Info: Redefining portuges shorthand "|
(babel)             in language  on input line 74.
[12]

! LaTeX Error: Command \textcent unavailable in encoding T1.

See the LaTeX manual or LaTeX Companion for explanation.
Type  H <return>  for immediate help.
 ...                                              
                                                  
l.74 ...er fluxo luminoso de 30 lumens e com um √¢
                                                  ngulo de emiss√£o de 110 g...

? 
! Missing $ inserted.
<inserted text> 
                $
l.74 ... assim maior rendimento e avan√ßo tecnol√≥
                                                  gico no assunto.
? 
! Extra }, or forgotten $.
\maththreesuperior ->{^3}
                         
l.74 ... assim maior rendimento e avan√ßo tecnol√≥
                                                  gico no assunto.
? 
! Missing $ inserted.
<inserted text> 
                $
l.75 
     
? 

! Package inputenc Error: Keyboard character used is undefined
(inputenc)                in inputencoding `latin1'.

See the inputenc package documentation for explanation.
Type  H <return>  for immediate help.
 ...                                              
                                                  
l.76 ... r√°dio, televis√£o e outros aparelhos. √â
                                                   a t√≠pica luz vermelha qu...

? 
! Missing $ inserted.
<inserted text> 
                $
l.76 .... Hoje, o LED √© muito aplicado em autom√≥
                                                  veis, destacando o ve√≠cul...

? 
! Extra }, or forgotten $.
\maththreesuperior ->{^3}
                         
l.76 .... Hoje, o LED √© muito aplicado em autom√≥
                                                  veis, destacando o ve√≠cul...

? 

LaTeX Warning: Command \~ invalid in math mode on input line 76.


LaTeX Warning: Command \~ invalid in math mode on input line 76.


LaTeX Warning: Command \~ invalid in math mode on input line 76.


LaTeX Warning: Command \~ invalid in math mode on input line 76.


LaTeX Warning: Command \~ invalid in math mode on input line 76.


LaTeX Warning: Command \~ invalid in math mode on input line 76.


LaTeX Warning: Command \~ invalid in math mode on input line 76.


LaTeX Warning: Command \~ invalid in math mode on input line 76.


LaTeX Warning: Command \textordmasculine invalid in math mode on input line 76.



LaTeX Warning: Command \~ invalid in math mode on input line 76.

! Missing $ inserted.
<inserted text> 
                $
l.77 
     
? 
Missing character: There is no √ in font cmr17!
Missing character: There is no √ in font cmr17!
Missing character: There is no √ in font cmr17!
Missing character: There is no √ in font cmr17!
Missing character: There is no √ in font cmr17!
Missing character: There is no √ in font cmr17!
Missing character: There is no √ in font cmr17!
Missing character: There is no √ in font cmr17!
Missing character: There is no √ in font cmr17!

Overfull \hbox (2677.5753pt too wide) in paragraph at lines 76--77
\OML/cmm/m/it/24.88 culoeproporcionandomelhorluminosidadecombaixoconsumodeenerg
ia:Tamb[]m[]utilizadoemPain[]isdeLed:Estesaparelhoss\OT1/cmr/m/it/24.88 $\OML/c
mm/m/it/24.88 oaplicadosparacenografia; shows; feiraseeventos; exibi\OMS/cmsy/m
/n/24.88 x\OT1/cmr/m/it/24.88 $\OML/cmm/m/it/24.88 odepropagandas\OT1/cmr/m/n/2
4.88 (\OML/cmm/m/it/24.88 principalmentepormeiodePaineldeLedOutdoor\OT1/cmr/m/n
/24.88 )\OML/cmm/m/it/24.88 ; est[]diosdeTV; emuitasoutrasocasi^^Ves:$  
 []

Package babel Info: Redefining portuges shorthand "|
(babel)             in language  on input line 78.
Package babel Info: Redefining portuges shorthand "|
(babel)             in language  on input line 78.
[13]

! LaTeX Error: Command \textcent unavailable in encoding T1.

See the LaTeX manual or LaTeX Companion for explanation.
Type  H <return>  for immediate help.
 ...                                              
                                                  
l.78 ...mado por placas compostas por pequenas l√¢
                                                  mpadas de luzes RGB (Red, ...

? 

LaTeX Warning: Reference `fig:camadas_led' on page 14 undefined on input line 7
8.

<./figuras/camadas_led.jpg, id=154, 857.2025pt x 780.9175pt>
File: ./figuras/camadas_led.jpg Graphic file (type jpg)

<use ./figuras/camadas_led.jpg>
Package pdftex.def Info: ./figuras/camadas_led.jpg used on input line 82.
(pdftex.def)             Requested size: 187.33015pt x 170.65846pt.


LaTeX Warning: `!h' float specifier changed to `!ht'.

) (./cap-oled.tex
! Missing $ inserted.
<inserted text> 
                $
l.2 \chapter
            {Telas OLED Flex√≠veis}
? 
! Extra }, or forgotten $.
<to be read again> ...rotect \pounds  }O TE\~A{^3}
                                                  RICA
l.2 \chapter
            {Telas OLED Flex√≠veis}
? 
! Extra }, or forgotten $.
\MakeUppercase  ... {\uppercase {#1}}\reserved@a }
                                                  
l.2 \chapter
            {Telas OLED Flex√≠veis}
? 
! Missing $ inserted.
<inserted text> 
                $
l.2 \chapter
            {Telas OLED Flex√≠veis}
? 
! Missing } inserted.
<inserted text> 
                }
l.2 \chapter
            {Telas OLED Flex√≠veis}
? 
! Missing } inserted.
<inserted text> 
                }
l.2 \chapter
            {Telas OLED Flex√≠veis}
? 
Package babel Info: Redefining portuges shorthand "|
(babel)             in language  on input line 2.
Package babel Info: Redefining portuges shorthand "|
(babel)             in language  on input line 2.
[14]
Package babel Info: Redefining portuges shorthand "|
(babel)             in language  on input line 2.
Package babel Info: Redefining portuges shorthand "|
(babel)             in language  on input line 2.
 [15 <./figuras/camadas_led.jpg>]
! Missing $ inserted.
<inserted text> 
                $
l.2 \chapter
            {Telas OLED Flex√≠veis}
? 
! Extra }, or forgotten $.
<to be read again> ...rotect \pounds  }O TE\~A{^3}
                                                  RICA
l.2 \chapter
            {Telas OLED Flex√≠veis}
? 
! Extra }, or forgotten $.
\MakeUppercase  ... {\uppercase {#1}}\reserved@a }
                                                  
l.2 \chapter
            {Telas OLED Flex√≠veis}
? 
! Missing $ inserted.
<inserted text> 
                $
l.2 \chapter
            {Telas OLED Flex√≠veis}
? 
! Missing } inserted.
<inserted text> 
                }
l.2 \chapter
            {Telas OLED Flex√≠veis}
? 
! Missing } inserted.
<inserted text> 
                }
l.2 \chapter
            {Telas OLED Flex√≠veis}
? 
Package babel Info: Redefining portuges shorthand "|
(babel)             in language  on input line 2.
Package babel Info: Redefining portuges shorthand "|
(babel)             in language  on input line 2.
[16

]
Cap\'{\i }tulo 4.
Package babel Info: Redefining portuges shorthand "|
(babel)             in language  on input line 2.

LaTeX Warning: Reference `fig:oled_early_product' on page 17 undefined on input
 line 5.


Package natbib Warning: Citation `WikipediaOLED' on page 17 undefined on input 
line 5.

Package babel Info: Redefining portuges shorthand "|
(babel)             in language  on input line 7.
Package babel Info: Redefining portuges shorthand "|
(babel)             in language  on input line 7.
[17]
Overfull \vbox (18.41068pt too high) has occurred while \output is active []

Package babel Info: Redefining portuges shorthand "|
(babel)             in language  on input line 7.
Package babel Info: Redefining portuges shorthand "|
(babel)             in language  on input line 7.

[18]
! Missing $ inserted.
<inserted text> 
                $
l.7 ...York desenvolveram eletrodos injet√°veis √≥
                                                  hmicos de contato a partir...

? 
! Extra }, or forgotten $.
\maththreesuperior ->{^3}
                         
l.7 ...York desenvolveram eletrodos injet√°veis √≥
                                                  hmicos de contato a partir...

? 

LaTeX Warning: Command \~ invalid in math mode on input line 7.


LaTeX Warning: Command \textcent invalid in math mode on input line 7.


! LaTeX Error: Command \textcent unavailable in encoding T1.

See the LaTeX manual or LaTeX Companion for explanation.
Type  H <return>  for immediate help.
 ...                                              
                                                  
l.7 ...micos de contato a partir de cristais org√¢
                                                  nicos. Eles descreveram ai...

? 

LaTeX Warning: Command \~ invalid in math mode on input line 7.


LaTeX Warning: Command \~ invalid in math mode on input line 7.


LaTeX Warning: Command \textexclamdown invalid in math mode on input line 7.


LaTeX Warning: Command \~ invalid in math mode on input line 7.


LaTeX Warning: Command \~ invalid in math mode on input line 7.


LaTeX Warning: Command \~ invalid in math mode on input line 7.


LaTeX Warning: Command \~ invalid in math mode on input line 7.


LaTeX Warning: Command \~ invalid in math mode on input line 7.


LaTeX Warning: Command \~ invalid in math mode on input line 7.


LaTeX Warning: Command \~ invalid in math mode on input line 7.


LaTeX Warning: Command \textordfeminine invalid in math mode on input line 7.


LaTeX Warning: Command \~ invalid in math mode on input line 7.


LaTeX Warning: Command \~ invalid in math mode on input line 7.


LaTeX Warning: Command \textexclamdown invalid in math mode on input line 7.


LaTeX Warning: Command \~ invalid in math mode on input line 7.


LaTeX Warning: Command \textordmasculine invalid in math mode on input line 7.


LaTeX Warning: Command \~ invalid in math mode on input line 7.


LaTeX Warning: Command \textexclamdown invalid in math mode on input line 7.


! LaTeX Error: Command \bfseries invalid in math mode.

See the LaTeX manual or LaTeX Companion for explanation.
Type  H <return>  for immediate help.
 ...                                              
                                                  
l.7 ...rodo de prata em 400V. \cite{WikipediaOLED}
                                                  
? 

Package natbib Warning: Citation `WikipediaOLED' on page 19 undefined on input 
line 7.

! Missing $ inserted.
<inserted text> 
                $
l.8 
    
? 
Missing character: There is no √ in font cmr17!
Missing character: There is no √ in font cmr17!
Missing character: There is no √ in font cmr17!
Missing character: There is no Ω in font cmr17!
Missing character: There is no √ in font cmr17!
Missing character: There is no √ in font cmr17!
Missing character: There is no √ in font cmr17!
Missing character: There is no √ in font cmr17!
Missing character: There is no √ in font cmr17!
Missing character: There is no √ in font cmr17!
Missing character: There is no √ in font cmr17!
Missing character: There is no √ in font cmr17!
Missing character: There is no √ in font cmr17!
Missing character: There is no Ω in font cmr17!
Missing character: There is no √ in font cmr17!
Missing character: There is no √ in font cmr17!
Missing character: There is no Ω in font cmr17!

Overfull \hbox (3090.3494pt too wide) in paragraph at lines 7--8
\T1/cmr/bx/n/24.88 √$[]\OML/cmm/m/it/24.88 hmicosdecontatoapartirdecristaisorgn
icos:Elesdescreveramaindaosrequisitosenerg[]ticosnecessrios\OT1/cmr/m/n/24.88 (
\OML/cmm/m/it/24.88 fun\OMS/cmsy/m/n/24.88 x\OML/cmm/m/it/24.88 ^^Vestrabalho\O
T1/cmr/m/n/24.88 )\OML/cmm/m/it/24.88 paraoseletrodosdecontatoinjetados:Essesco
ntatoss\OT1/cmr/m/it/24.88 $\OML/cmm/m/it/24.88 oabasedainje\OMS/cmsy/m/n/24.88
 x\OT1/cmr/m/it/24.88 $\OML/cmm/m/it/24.88 odecargaemtodososdispositivosOLEDmod
ernos:OgrupodePopetamb[]mobservoupelaprimeiravez[][]\OT1/cmr/bx/n/24.88 decorre
ntecont\T1/cmr/bx/n/24.88 - 
 []


Overfull \hbox (1456.64336pt too wide) in paragraph at lines 7--8
\OT1/cmr/bx/n/24.88 nua\OT1/cmr/m/n/24.88 (\OT1/cmr/bx/n/24.88 DC\OT1/cmr/m/n/2
4.88 )\OT1/cmr/bx/n/24.88 sobvcuoemum[]nicocristalpurodeantracenoeemcristaisdea
ntracenoembebidoscomtetracenoem1963\OML/cmm/m/it/24.88 ; \OT1/cmr/bx/n/24.88 us
andoumapequenareadeeletrododeprataem400V\OML/cmm/m/it/24.88 :\OT1/cmr/m/n/24.88
 [[]]$  
 []

<./figuras/oled_early_product.jpg, id=179, 481.8pt x 339.2675pt>
File: ./figuras/oled_early_product.jpg Graphic file (type jpg)

<use ./figuras/oled_early_product.jpg>
Package pdftex.def Info: ./figuras/oled_early_product.jpg used on input line 11
.
(pdftex.def)             Requested size: 187.33015pt x 131.90999pt.
Package babel Info: Redefining portuges shorthand "|
(babel)             in language  on input line 17.
) (./cap-conclusions.tex
Package babel Info: Redefining portuges shorthand "|
(babel)             in language  on input line 2.
Package babel Info: Redefining portuges shorthand "|
(babel)             in language  on input line 2.
 [19 <./figuras/oled_early_product.jpg>]
Package babel Info: Redefining portuges shorthand "|
(babel)             in language  on input line 2.
Package babel Info: Redefining portuges shorthand "|
(babel)             in language  on input line 2.
 [20

]
Cap\'{\i }tulo 5.
Package babel Info: Redefining portuges shorthand "|
(babel)             in language  on input line 2.
)
Package babel Info: Redefining portuges shorthand "|
(babel)             in language  on input line 194.
Package babel Info: Redefining portuges shorthand "|
(babel)             in language  on input line 194.
 [21]
Package babel Info: Redefining portuges shorthand "|
(babel)             in language  on input line 194.
Package babel Info: Redefining portuges shorthand "|
(babel)             in language  on input line 194.
 [22

] (./monografia.bbl (./monografia.brf)
\tf@brf=\write6
\openout6 = `monografia.brf'.

Package babel Info: Redefining portuges shorthand "|
(babel)             in language  on input line 1.

Overfull \hbox (149.98454pt too wide) in paragraph at lines 9--9
\T1/cmr/bx/n/24.88 resumo-[]tudo-[]o-[]que-[]aconteceu-[]na-[]google-[]io-[]201
4$[][]. 
 []

)
No file monografia.ind.

Package natbib Warning: There were undefined citations.

Package atveryend Info: Empty hook `BeforeClearDocument' on input line 203.
Package babel Info: Redefining portuges shorthand "|
(babel)             in language  on input line 203.
Package babel Info: Redefining portuges shorthand "|
(babel)             in language  on input line 203.
[23

]
Package atveryend Info: Empty hook `AfterLastShipout' on input line 203.
 (./monografia.aux)
Package atveryend Info: Executing hook `AtVeryEndDocument' on input line 203.
Package atveryend Info: Executing hook `AtEndAfterFileList' on input line 203.


Package rerunfilecheck Warning: File `monografia.out' has changed.
(rerunfilecheck)                Rerun to get outlines right
(rerunfilecheck)                or use package `bookmark'.

Package rerunfilecheck Info: Checksums for `monografia.out':
(rerunfilecheck)             Before: C4613F7C9A02517AF626CFDBD1E726D9;639
(rerunfilecheck)             After:  2F9C43444D7C16E46A2F2C1594CB31AC;911.
Package rerunfilecheck Info: File `monografia.brf' has not changed.
(rerunfilecheck)             Checksum: 18D8FD9CE85FD86904F704EDB87CCBCB;103.

LaTeX Warning: There were undefined references.


LaTeX Warning: Label(s) may have changed. Rerun to get cross-references right.

Package atveryend Info: Empty hook `AtVeryVeryEnd' on input line 203.
 )
(\end occurred inside a group at level 10)

### simple group (level 10) entered at line 7 ({)
### simple group (level 9) entered at line 76 ({)
### simple group (level 8) entered at line 74 ({)
### simple group (level 7) entered at line 70 ({)
### simple group (level 6) entered at line 50 ({)
### simple group (level 5) entered at line 48 ({)
### simple group (level 4) entered at line 46 ({)
### simple group (level 3) entered at line 37 ({)
### simple group (level 2) entered at line 13 ({)
### simple group (level 1) entered at line 2 ({)
### bottom level 
Here is how much of TeX's memory you used:
 10547 strings out of 493315
 156781 string characters out of 6137904
 287051 words of memory out of 5000000
 13759 multiletter control sequences out of 15000+600000
 28093 words of font info for 72 fonts, out of 8000000 for 9000
 957 hyphenation exceptions out of 8191
 36i,13n,43p,762b,734s stack positions out of 5000i,500n,10000p,200000b,80000s
pdfTeX warning (dest): name{appendix*.2} has been referenced bu
t does not exist, replaced by a fixed one

pdfTeX warning (dest): name{subsection.2.2.1} has been referenced but does not 
exist, replaced by a fixed one

pdfTeX warning (dest): name{section.2.2} has been referenced but does not exist
, replaced by a fixed one

{/usr/local/texlive/2013/texmf-dist/fonts/enc/dvips/cm-super/cm-super-t1.enc}</
usr/local/texlive/2013/texmf-dist/fonts/type1/public/amsfonts/cm/cmbsy10.pfb></
usr/local/texlive/2013/texmf-dist/fonts/type1/public/amsfonts/cm/cmbx12.pfb></u
sr/local/texlive/2013/texmf-dist/fonts/type1/public/amsfonts/cm/cmmi10.pfb></us
r/local/texlive/2013/texmf-dist/fonts/type1/public/amsfonts/cm/cmmi12.pfb></usr
/local/texlive/2013/texmf-dist/fonts/type1/public/amsfonts/cm/cmmi9.pfb></usr/l
ocal/texlive/2013/texmf-dist/fonts/type1/public/amsfonts/cm/cmr10.pfb></usr/loc
al/texlive/2013/texmf-dist/fonts/type1/public/amsfonts/cm/cmr17.pfb></usr/local
/texlive/2013/texmf-dist/fonts/type1/public/amsfonts/cm/cmr6.pfb></usr/local/te
xlive/2013/texmf-dist/fonts/type1/public/amsfonts/cm/cmsy10.pfb></usr/local/tex
live/2013/texmf-dist/fonts/type1/public/amsfonts/cm/cmti10.pfb></usr/local/texl
ive/2013/texmf-dist/fonts/type1/public/amsfonts/cm/cmti12.pfb></usr/local/texli
ve/2013/texmf-dist/fonts/type1/public/cm-super/sfbi2488.pfb></usr/local/texlive
/2013/texmf-dist/fonts/type1/public/cm-super/sfbx1000.pfb></usr/local/texlive/2
013/texmf-dist/fonts/type1/public/cm-super/sfbx1440.pfb></usr/local/texlive/201
3/texmf-dist/fonts/type1/public/cm-super/sfbx2074.pfb></usr/local/texlive/2013/
texmf-dist/fonts/type1/public/cm-super/sfbx2488.pfb></usr/local/texlive/2013/te
xmf-dist/fonts/type1/public/cm-super/sfcc1440.pfb></usr/local/texlive/2013/texm
f-dist/fonts/type1/public/cm-super/sfrm0800.pfb></usr/local/texlive/2013/texmf-
dist/fonts/type1/public/cm-super/sfrm0900.pfb></usr/local/texlive/2013/texmf-di
st/fonts/type1/public/cm-super/sfrm1095.pfb></usr/local/texlive/2013/texmf-dist
/fonts/type1/public/cm-super/sfrm1440.pfb></usr/local/texlive/2013/texmf-dist/f
onts/type1/public/cm-super/sfti1000.pfb></usr/local/texlive/2013/texmf-dist/fon
ts/type1/public/cm-super/sfti1095.pfb>
Output written on monografia.pdf (27 pages, 1677191 bytes).
PDF statistics:
 302 PDF objects out of 1000 (max. 8388607)
 242 compressed objects within 3 object streams
 53 named destinations out of 1000 (max. 500000)
 114 words of extra memory for PDF output out of 10000 (max. 10000000)

